mode: set
github.com/wilfreddenton/merkle/merkle.go:18.23,20.2 1 1
github.com/wilfreddenton/merkle/merkle.go:22.46,26.2 3 1
github.com/wilfreddenton/merkle/merkle.go:28.48,30.2 1 1
github.com/wilfreddenton/merkle/merkle.go:32.52,34.2 1 1
github.com/wilfreddenton/merkle/merkle.go:44.46,53.2 2 1
github.com/wilfreddenton/merkle/merkle.go:56.49,65.51 3 1
github.com/wilfreddenton/merkle/merkle.go:69.2,71.16 3 1
github.com/wilfreddenton/merkle/merkle.go:75.2,75.12 1 1
github.com/wilfreddenton/merkle/merkle.go:65.51,67.3 1 0
github.com/wilfreddenton/merkle/merkle.go:71.16,73.3 1 0
github.com/wilfreddenton/merkle/merkle.go:92.45,94.2 1 1
github.com/wilfreddenton/merkle/merkle.go:96.51,98.2 1 1
github.com/wilfreddenton/merkle/merkle.go:100.43,101.21 1 1
github.com/wilfreddenton/merkle/merkle.go:105.2,106.40 2 1
github.com/wilfreddenton/merkle/merkle.go:112.2,112.11 1 0
github.com/wilfreddenton/merkle/merkle.go:101.21,103.3 1 1
github.com/wilfreddenton/merkle/merkle.go:106.40,107.33 1 1
github.com/wilfreddenton/merkle/merkle.go:107.33,109.4 1 1
github.com/wilfreddenton/merkle/merkle.go:116.30,117.21 1 1
github.com/wilfreddenton/merkle/merkle.go:121.2,121.23 1 1
github.com/wilfreddenton/merkle/merkle.go:117.21,119.3 1 1
github.com/wilfreddenton/merkle/merkle.go:125.28,126.21 1 1
github.com/wilfreddenton/merkle/merkle.go:130.2,130.26 1 1
github.com/wilfreddenton/merkle/merkle.go:126.21,128.3 1 1
github.com/wilfreddenton/merkle/merkle.go:136.48,138.15 2 1
github.com/wilfreddenton/merkle/merkle.go:142.2,145.28 3 1
github.com/wilfreddenton/merkle/merkle.go:167.2,167.13 1 1
github.com/wilfreddenton/merkle/merkle.go:138.15,140.3 1 1
github.com/wilfreddenton/merkle/merkle.go:145.28,152.44 5 1
github.com/wilfreddenton/merkle/merkle.go:158.3,158.19 1 1
github.com/wilfreddenton/merkle/merkle.go:164.3,164.20 1 1
github.com/wilfreddenton/merkle/merkle.go:152.44,154.12 2 1
github.com/wilfreddenton/merkle/merkle.go:158.19,160.4 1 1
github.com/wilfreddenton/merkle/merkle.go:160.4,162.4 1 1
github.com/wilfreddenton/merkle/merkle.go:172.60,175.12 2 1
github.com/wilfreddenton/merkle/merkle.go:180.2,186.36 5 1
github.com/wilfreddenton/merkle/merkle.go:190.2,192.28 2 1
github.com/wilfreddenton/merkle/merkle.go:214.2,214.12 1 1
github.com/wilfreddenton/merkle/merkle.go:175.12,177.3 1 1
github.com/wilfreddenton/merkle/merkle.go:186.36,188.3 1 1
github.com/wilfreddenton/merkle/merkle.go:192.28,199.40 6 1
github.com/wilfreddenton/merkle/merkle.go:207.3,207.21 1 1
github.com/wilfreddenton/merkle/merkle.go:211.3,211.28 1 1
github.com/wilfreddenton/merkle/merkle.go:199.40,205.4 4 1
github.com/wilfreddenton/merkle/merkle.go:207.21,209.4 1 1
github.com/wilfreddenton/merkle/merkle.go:217.22,219.2 1 1
github.com/wilfreddenton/merkle/merkle.go:223.58,227.6 3 1
github.com/wilfreddenton/merkle/merkle.go:227.6,229.17 2 1
github.com/wilfreddenton/merkle/merkle.go:237.3,238.33 2 1
github.com/wilfreddenton/merkle/merkle.go:229.17,230.28 1 1
github.com/wilfreddenton/merkle/merkle.go:234.4,234.22 1 0
github.com/wilfreddenton/merkle/merkle.go:230.28,232.5 1 1
github.com/wilfreddenton/merkle/merkle.go:246.63,248.28 2 1
github.com/wilfreddenton/merkle/merkle.go:258.2,258.61 1 1
github.com/wilfreddenton/merkle/merkle.go:248.28,249.37 1 1
github.com/wilfreddenton/merkle/merkle.go:255.3,255.31 1 1
github.com/wilfreddenton/merkle/merkle.go:249.37,251.4 1 1
github.com/wilfreddenton/merkle/merkle.go:251.4,253.4 1 1
